<?xml version="1.0" encoding="UTF-8"?>
<testng-results ignored="0" total="3" passed="3" failed="0" skipped="0">
  <reporter-output>
  </reporter-output>
  <suite started-at="2022-10-06T16:42:45 IST" name="Default suite" finished-at="2022-10-06T16:44:05 IST" duration-ms="80707">
    <groups>
      <group name="cucumber">
        <method signature="AbstractTestNGCucumberTests.runScenario(io.cucumber.testng.PickleWrapper,io.cucumber.testng.FeatureWrapper)[pri:0, instance:TestRunner.TestRunner@1ca3b418]" name="runScenario" class="io.cucumber.testng.AbstractTestNGCucumberTests"/>
      </group> <!-- cucumber -->
    </groups>
    <test started-at="2022-10-06T16:42:45 IST" name="Default test" finished-at="2022-10-06T16:44:05 IST" duration-ms="80707">
      <class name="TestRunner.TestRunner">
        <test-method is-config="true" signature="setUpClass(org.testng.ITestContext)[pri:0, instance:TestRunner.TestRunner@1ca3b418]" started-at="2022-10-06T16:42:45 IST" name="setUpClass" finished-at="2022-10-06T16:42:45 IST" duration-ms="532" status="PASS">
          <params>
            <param index="0">
              <value>
                <![CDATA[org.testng.TestRunner@3af10d0b]]>
              </value>
            </param>
          </params>
          <reporter-output>
          </reporter-output>
        </test-method> <!-- setUpClass -->
        <test-method signature="runScenario(io.cucumber.testng.PickleWrapper,io.cucumber.testng.FeatureWrapper)[pri:0, instance:TestRunner.TestRunner@1ca3b418]" started-at="2022-10-06T16:42:45 IST" name="runScenario" description="Runs Cucumber Scenarios" data-provider="scenarios" finished-at="2022-10-06T16:43:12 IST" duration-ms="26955" status="PASS">
          <params>
            <param index="0">
              <value>
                <![CDATA["Verify successful Add Product to Merchant Portal"]]>
              </value>
            </param>
            <param index="1">
              <value>
                <![CDATA["Merchant Portal Login"]]>
              </value>
            </param>
          </params>
          <reporter-output>
          </reporter-output>
        </test-method> <!-- runScenario -->
        <test-method signature="runScenario(io.cucumber.testng.PickleWrapper,io.cucumber.testng.FeatureWrapper)[pri:0, instance:TestRunner.TestRunner@1ca3b418]" started-at="2022-10-06T16:43:12 IST" name="runScenario" description="Runs Cucumber Scenarios" data-provider="scenarios" finished-at="2022-10-06T16:43:38 IST" duration-ms="26091" status="PASS">
          <params>
            <param index="0">
              <value>
                <![CDATA["Verify successful Add Product to Merchant Portal"]]>
              </value>
            </param>
            <param index="1">
              <value>
                <![CDATA["Merchant Portal Login"]]>
              </value>
            </param>
          </params>
          <reporter-output>
          </reporter-output>
        </test-method> <!-- runScenario -->
        <test-method signature="runScenario(io.cucumber.testng.PickleWrapper,io.cucumber.testng.FeatureWrapper)[pri:0, instance:TestRunner.TestRunner@1ca3b418]" started-at="2022-10-06T16:43:38 IST" name="runScenario" description="Runs Cucumber Scenarios" data-provider="scenarios" finished-at="2022-10-06T16:44:04 IST" duration-ms="25590" status="PASS">
          <params>
            <param index="0">
              <value>
                <![CDATA["Verify successful Login to Merchant Portal"]]>
              </value>
            </param>
            <param index="1">
              <value>
                <![CDATA["Merchant Portal Login"]]>
              </value>
            </param>
          </params>
          <reporter-output>
          </reporter-output>
        </test-method> <!-- runScenario -->
        <test-method is-config="true" signature="tearDownClass()[pri:0, instance:TestRunner.TestRunner@1ca3b418]" started-at="2022-10-06T16:44:04 IST" name="tearDownClass" finished-at="2022-10-06T16:44:05 IST" duration-ms="1505" status="PASS">
          <reporter-output>
          </reporter-output>
        </test-method> <!-- tearDownClass -->
      </class> <!-- TestRunner.TestRunner -->
    </test> <!-- Default test -->
  </suite> <!-- Default suite -->
</testng-results>
